<?xml version="1.0" encoding="UTF-8"?>
<robot generator="Robot 3.1.2 (Python 3.6.3 on win32)" generated="20190806 15:59:39.141" rpa="false">
<suite id="s1" name="RobotProject 1" source="C:\Users\farid\git\Robot Framework-Selenium\RobotProject_1">
<suite id="s1-s1" name="Test" source="C:\Users\farid\git\Robot Framework-Selenium\RobotProject_1\test">
<suite id="s1-s1-s1" name="testSuite 1" source="C:\Users\farid\git\Robot Framework-Selenium\RobotProject_1\test\testSuite_1.robot">
<test id="s1-s1-s1-t1" name="FirstSeleniumTest">
<kw name="Open Browser" library="SeleniumLibrary">
<doc>Opens a new browser instance to the given ``url``.</doc>
<arguments>
<arg>https://google.com</arg>
<arg>Chrome</arg>
</arguments>
<msg timestamp="20190806 15:59:40.076" level="INFO">Opening browser 'Chrome' to base url 'https://google.com'.</msg>
<status status="PASS" starttime="20190806 15:59:40.074" endtime="20190806 15:59:45.237"></status>
</kw>
<kw name="Set Browser Implicit Wait" library="SeleniumLibrary">
<doc>Sets the implicit wait value used by Selenium.</doc>
<arguments>
<arg>5</arg>
</arguments>
<status status="PASS" starttime="20190806 15:59:45.242" endtime="20190806 15:59:45.268"></status>
</kw>
<kw name="Input Text" library="SeleniumLibrary">
<doc>Types the given ``text`` into text field identified by ``locator``.</doc>
<arguments>
<arg>name=q</arg>
<arg>Test Automation</arg>
</arguments>
<msg timestamp="20190806 15:59:45.273" level="INFO">Typing text 'Test Automation' into text field 'name=q'.</msg>
<status status="PASS" starttime="20190806 15:59:45.270" endtime="20190806 15:59:46.472"></status>
</kw>
<kw name="Click Button" library="SeleniumLibrary">
<doc>Clicks button identified by ``locator``.</doc>
<arguments>
<arg>name=btnK</arg>
</arguments>
<msg timestamp="20190806 15:59:46.476" level="INFO">Clicking button 'name=btnK'.</msg>
<status status="PASS" starttime="20190806 15:59:46.474" endtime="20190806 15:59:49.193"></status>
</kw>
<kw name="Sleep" library="BuiltIn">
<doc>Pauses the test executed for the given time.</doc>
<arguments>
<arg>2</arg>
</arguments>
<msg timestamp="20190806 15:59:51.199" level="INFO">Slept 2 seconds</msg>
<status status="PASS" starttime="20190806 15:59:49.196" endtime="20190806 15:59:51.200"></status>
</kw>
<kw name="Log" library="BuiltIn">
<doc>Logs the given message with the given level.</doc>
<arguments>
<arg>Test Completed</arg>
</arguments>
<msg timestamp="20190806 15:59:51.205" level="INFO">Test Completed</msg>
<status status="PASS" starttime="20190806 15:59:51.202" endtime="20190806 15:59:51.207"></status>
</kw>
<kw name="Close Browser" library="SeleniumLibrary">
<doc>Closes the current browser.</doc>
<status status="PASS" starttime="20190806 15:59:51.208" endtime="20190806 15:59:54.232"></status>
</kw>
<status status="PASS" starttime="20190806 15:59:40.069" endtime="20190806 15:59:54.233" critical="yes"></status>
</test>
<status status="PASS" starttime="20190806 15:59:39.386" endtime="20190806 15:59:54.236"></status>
</suite>
<status status="PASS" starttime="20190806 15:59:39.375" endtime="20190806 15:59:54.243"></status>
</suite>
<status status="PASS" starttime="20190806 15:59:39.259" endtime="20190806 15:59:54.249"></status>
</suite>
<statistics>
<total>
<stat pass="1" fail="0">Critical Tests</stat>
<stat pass="1" fail="0">All Tests</stat>
</total>
<tag>
</tag>
<suite>
<stat pass="1" fail="0" id="s1" name="RobotProject 1">RobotProject 1</stat>
<stat pass="1" fail="0" id="s1-s1" name="Test">RobotProject 1.Test</stat>
<stat pass="1" fail="0" id="s1-s1-s1" name="testSuite 1">RobotProject 1.Test.testSuite 1</stat>
</suite>
</statistics>
<errors>
</errors>
</robot>
