<?xml version="1.0" encoding="UTF-8"?>
<robot generator="Robot 3.1.2 (Python 3.7.3 on win32)" generated="20190807 19:47:55.214" rpa="false">
<suite id="s1" name="RobotProject 3 Variables" source="C:\Users\farid\git\Robot-Framework-Selenium\RobotProject_3_Variables">
<suite id="s1-s1" name="Test" source="C:\Users\farid\git\Robot-Framework-Selenium\RobotProject_3_Variables\test">
<suite id="s1-s1-s1" name="RobotTestSuite3" source="C:\Users\farid\git\Robot-Framework-Selenium\RobotProject_3_Variables\test\RobotTestSuite3.robot">
<test id="s1-s1-s1-t1" name="LoginTestWithVariable">
<kw name="Open Browser" library="SeleniumLibrary">
<doc>Opens a new browser instance to the given ``url``.</doc>
<arguments>
<arg>${URL}</arg>
<arg>Chrome</arg>
</arguments>
<msg timestamp="20190807 19:47:55.411" level="INFO">Opening browser 'Chrome' to base url 'https://opensource-demo.orangehrmlive.com/'.</msg>
<status status="PASS" starttime="20190807 19:47:55.411" endtime="20190807 19:47:59.370"></status>
</kw>
<kw name="Set Browser Implicit Wait" library="SeleniumLibrary">
<doc>Sets the implicit wait value used by Selenium.</doc>
<arguments>
<arg>5</arg>
</arguments>
<status status="PASS" starttime="20190807 19:47:59.371" endtime="20190807 19:47:59.372"></status>
</kw>
<kw name="Input Text" library="SeleniumLibrary">
<doc>Types the given ``text`` into text field identified by ``locator``.</doc>
<arguments>
<arg>id=txtUsername</arg>
<arg>@{CREDENTIALS}[0]</arg>
</arguments>
<msg timestamp="20190807 19:47:59.373" level="INFO">Typing text 'Admin' into text field 'id=txtUsername'.</msg>
<status status="PASS" starttime="20190807 19:47:59.372" endtime="20190807 19:47:59.435"></status>
</kw>
<kw name="Input Password" library="SeleniumLibrary">
<doc>Types the given password into text field identified by ``locator``.</doc>
<arguments>
<arg>id=txtPassword</arg>
<arg>&amp;{LOGINDATA}[password]</arg>
</arguments>
<msg timestamp="20190807 19:47:59.436" level="INFO">Typing password into text field 'id=txtPassword'.</msg>
<status status="PASS" starttime="20190807 19:47:59.435" endtime="20190807 19:47:59.497"></status>
</kw>
<kw name="Click Button" library="SeleniumLibrary">
<doc>Clicks button identified by ``locator``.</doc>
<arguments>
<arg>name=Submit</arg>
</arguments>
<msg timestamp="20190807 19:47:59.498" level="INFO">Clicking button 'name=Submit'.</msg>
<status status="PASS" starttime="20190807 19:47:59.498" endtime="20190807 19:48:00.583"></status>
</kw>
<kw name="Sleep" library="BuiltIn">
<doc>Pauses the test executed for the given time.</doc>
<arguments>
<arg>2</arg>
</arguments>
<msg timestamp="20190807 19:48:02.584" level="INFO">Slept 2 seconds</msg>
<status status="PASS" starttime="20190807 19:48:00.583" endtime="20190807 19:48:02.584"></status>
</kw>
<kw name="Click Element" library="SeleniumLibrary">
<doc>Click element identified by ``locator``.</doc>
<arguments>
<arg>id=welcome</arg>
</arguments>
<msg timestamp="20190807 19:48:02.585" level="INFO">Clicking element 'id=welcome'.</msg>
<status status="PASS" starttime="20190807 19:48:02.584" endtime="20190807 19:48:02.630"></status>
</kw>
<kw name="Click Element" library="SeleniumLibrary">
<doc>Click element identified by ``locator``.</doc>
<arguments>
<arg>link=Logout</arg>
</arguments>
<msg timestamp="20190807 19:48:02.631" level="INFO">Clicking element 'link=Logout'.</msg>
<status status="PASS" starttime="20190807 19:48:02.630" endtime="20190807 19:48:03.244"></status>
</kw>
<kw name="Sleep" library="BuiltIn">
<doc>Pauses the test executed for the given time.</doc>
<arguments>
<arg>2</arg>
</arguments>
<msg timestamp="20190807 19:48:05.245" level="INFO">Slept 2 seconds</msg>
<status status="PASS" starttime="20190807 19:48:03.245" endtime="20190807 19:48:05.245"></status>
</kw>
<kw name="Close Browser" library="SeleniumLibrary">
<doc>Closes the current browser.</doc>
<status status="PASS" starttime="20190807 19:48:05.246" endtime="20190807 19:48:07.326"></status>
</kw>
<kw name="Log" library="BuiltIn">
<doc>Logs the given message with the given level.</doc>
<arguments>
<arg>Test Completed</arg>
</arguments>
<msg timestamp="20190807 19:48:07.329" level="INFO">Test Completed</msg>
<status status="PASS" starttime="20190807 19:48:07.328" endtime="20190807 19:48:07.330"></status>
</kw>
<kw name="Log" library="BuiltIn">
<doc>Logs the given message with the given level.</doc>
<arguments>
<arg>This test was executed by %{username} on %{os}</arg>
</arguments>
<msg timestamp="20190807 19:48:07.332" level="INFO">This test was executed by farid on Windows_NT</msg>
<status status="PASS" starttime="20190807 19:48:07.331" endtime="20190807 19:48:07.332"></status>
</kw>
<doc>This is a simple login test</doc>
<status status="PASS" starttime="20190807 19:47:55.411" endtime="20190807 19:48:07.333" critical="yes"></status>
</test>
<status status="PASS" starttime="20190807 19:47:55.261" endtime="20190807 19:48:07.335"></status>
</suite>
<status status="PASS" starttime="20190807 19:47:55.260" endtime="20190807 19:48:07.336"></status>
</suite>
<status status="PASS" starttime="20190807 19:47:55.243" endtime="20190807 19:48:07.337"></status>
</suite>
<statistics>
<total>
<stat pass="1" fail="0">Critical Tests</stat>
<stat pass="1" fail="0">All Tests</stat>
</total>
<tag>
</tag>
<suite>
<stat pass="1" fail="0" id="s1" name="RobotProject 3 Variables">RobotProject 3 Variables</stat>
<stat pass="1" fail="0" id="s1-s1" name="Test">RobotProject 3 Variables.Test</stat>
<stat pass="1" fail="0" id="s1-s1-s1" name="RobotTestSuite3">RobotProject 3 Variables.Test.RobotTestSuite3</stat>
</suite>
</statistics>
<errors>
</errors>
</robot>
