<?xml version="1.0" encoding="UTF-8"?>
<robot generator="Robot 3.1.2 (Python 3.6.3 on win32)" generated="20190806 20:02:48.360" rpa="false">
<suite id="s1" name="RobotProject 2 LoginTest" source="C:\Users\farid\git\Robot Framework-Selenium\RobotProject_2_LoginTest">
<suite id="s1-s1" name="Test" source="C:\Users\farid\git\Robot Framework-Selenium\RobotProject_2_LoginTest\test">
<suite id="s1-s1-s1" name="RobotTestSuite 2" source="C:\Users\farid\git\Robot Framework-Selenium\RobotProject_2_LoginTest\test\RobotTestSuite_2.robot">
<test id="s1-s1-s1-t1" name="LoginTest">
<kw name="Open Browser" library="SeleniumLibrary">
<doc>Opens a new browser instance to the given ``url``.</doc>
<arguments>
<arg>https://opensource-demo.orangehrmlive.com</arg>
<arg>Chrome</arg>
</arguments>
<msg timestamp="20190806 20:02:49.458" level="INFO">Opening browser 'Chrome' to base url 'https://opensource-demo.orangehrmlive.com'.</msg>
<status status="PASS" starttime="20190806 20:02:49.454" endtime="20190806 20:02:54.476"></status>
</kw>
<kw name="Set Browser Implicit Wait" library="SeleniumLibrary">
<doc>Sets the implicit wait value used by Selenium.</doc>
<arguments>
<arg>5</arg>
</arguments>
<status status="PASS" starttime="20190806 20:02:54.481" endtime="20190806 20:02:54.492"></status>
</kw>
<kw name="Input Text" library="SeleniumLibrary">
<doc>Types the given ``text`` into text field identified by ``locator``.</doc>
<arguments>
<arg>id=txtUsername</arg>
<arg>Admin</arg>
</arguments>
<msg timestamp="20190806 20:02:54.496" level="INFO">Typing text 'Admin' into text field 'id=txtUsername'.</msg>
<status status="PASS" starttime="20190806 20:02:54.494" endtime="20190806 20:02:55.060"></status>
</kw>
<kw name="Input Password" library="SeleniumLibrary">
<doc>Types the given password into text field identified by ``locator``.</doc>
<arguments>
<arg>id=txtPassword</arg>
<arg>admin123</arg>
</arguments>
<msg timestamp="20190806 20:02:55.064" level="INFO">Typing password into text field 'id=txtPassword'.</msg>
<status status="PASS" starttime="20190806 20:02:55.062" endtime="20190806 20:02:55.488"></status>
</kw>
<kw name="Click Button" library="SeleniumLibrary">
<doc>Clicks button identified by ``locator``.</doc>
<arguments>
<arg>name=Submit</arg>
</arguments>
<msg timestamp="20190806 20:02:55.493" level="INFO">Clicking button 'name=Submit'.</msg>
<status status="PASS" starttime="20190806 20:02:55.490" endtime="20190806 20:02:57.031"></status>
</kw>
<kw name="Sleep" library="BuiltIn">
<doc>Pauses the test executed for the given time.</doc>
<arguments>
<arg>2</arg>
</arguments>
<msg timestamp="20190806 20:02:59.038" level="INFO">Slept 2 seconds</msg>
<status status="PASS" starttime="20190806 20:02:57.033" endtime="20190806 20:02:59.038"></status>
</kw>
<kw name="Click Element" library="SeleniumLibrary">
<doc>Click element identified by ``locator``.</doc>
<arguments>
<arg>id=welcome</arg>
</arguments>
<msg timestamp="20190806 20:02:59.040" level="INFO">Clicking element 'id=welcome'.</msg>
<status status="PASS" starttime="20190806 20:02:59.039" endtime="20190806 20:02:59.148"></status>
</kw>
<kw name="Click Element" library="SeleniumLibrary">
<doc>Click element identified by ``locator``.</doc>
<arguments>
<arg>link=Logout</arg>
</arguments>
<msg timestamp="20190806 20:02:59.151" level="INFO">Clicking element 'link=Logout'.</msg>
<status status="PASS" starttime="20190806 20:02:59.149" endtime="20190806 20:02:59.885"></status>
</kw>
<kw name="Sleep" library="BuiltIn">
<doc>Pauses the test executed for the given time.</doc>
<arguments>
<arg>2</arg>
</arguments>
<msg timestamp="20190806 20:03:01.887" level="INFO">Slept 2 seconds</msg>
<status status="PASS" starttime="20190806 20:02:59.886" endtime="20190806 20:03:01.888"></status>
</kw>
<kw name="Log" library="BuiltIn">
<doc>Logs the given message with the given level.</doc>
<arguments>
<arg>Test Completed</arg>
</arguments>
<msg timestamp="20190806 20:03:01.892" level="INFO">Test Completed</msg>
<status status="PASS" starttime="20190806 20:03:01.889" endtime="20190806 20:03:01.892"></status>
</kw>
<kw name="Close Browser" library="SeleniumLibrary">
<doc>Closes the current browser.</doc>
<status status="PASS" starttime="20190806 20:03:01.894" endtime="20190806 20:03:05.244"></status>
</kw>
<doc>This is a simple login test</doc>
<status status="PASS" starttime="20190806 20:02:49.449" endtime="20190806 20:03:05.246" critical="yes"></status>
</test>
<status status="PASS" starttime="20190806 20:02:48.690" endtime="20190806 20:03:05.250"></status>
</suite>
<status status="PASS" starttime="20190806 20:02:48.677" endtime="20190806 20:03:05.262"></status>
</suite>
<status status="PASS" starttime="20190806 20:02:48.525" endtime="20190806 20:03:05.272"></status>
</suite>
<statistics>
<total>
<stat pass="1" fail="0">Critical Tests</stat>
<stat pass="1" fail="0">All Tests</stat>
</total>
<tag>
</tag>
<suite>
<stat pass="1" fail="0" id="s1" name="RobotProject 2 LoginTest">RobotProject 2 LoginTest</stat>
<stat pass="1" fail="0" id="s1-s1" name="Test">RobotProject 2 LoginTest.Test</stat>
<stat pass="1" fail="0" id="s1-s1-s1" name="RobotTestSuite 2">RobotProject 2 LoginTest.Test.RobotTestSuite 2</stat>
</suite>
</statistics>
<errors>
</errors>
</robot>
