<?xml version="1.0" encoding="UTF-8"?>
<robot generator="Robot 3.1.2 (Python 3.7.3 on win32)" generated="20190807 02:48:09.899" rpa="false">
<suite id="s1" name="RobotProject 2 LoginTest" source="C:\Users\farid\git\Robot-Framework-Selenium\RobotProject_2_LoginTest">
<suite id="s1-s1" name="Test" source="C:\Users\farid\git\Robot-Framework-Selenium\RobotProject_2_LoginTest\test">
<suite id="s1-s1-s1" name="RobotTestSuite 2" source="C:\Users\farid\git\Robot-Framework-Selenium\RobotProject_2_LoginTest\test\RobotTestSuite_2.robot">
<test id="s1-s1-s1-t1" name="LoginTest">
<kw name="Open Browser" library="SeleniumLibrary">
<doc>Opens a new browser instance to the given ``url``.</doc>
<arguments>
<arg>https://opensource-demo.orangehrmlive.com</arg>
<arg>Chrome</arg>
</arguments>
<msg timestamp="20190807 02:48:10.087" level="INFO">Opening browser 'Chrome' to base url 'https://opensource-demo.orangehrmlive.com'.</msg>
<status status="PASS" starttime="20190807 02:48:10.087" endtime="20190807 02:48:18.685"></status>
</kw>
<kw name="Set Browser Implicit Wait" library="SeleniumLibrary">
<doc>Sets the implicit wait value used by Selenium.</doc>
<arguments>
<arg>5</arg>
</arguments>
<status status="PASS" starttime="20190807 02:48:18.686" endtime="20190807 02:48:18.688"></status>
</kw>
<kw name="Input Text" library="SeleniumLibrary">
<doc>Types the given ``text`` into text field identified by ``locator``.</doc>
<arguments>
<arg>id=txtUsername</arg>
<arg>Admin</arg>
</arguments>
<msg timestamp="20190807 02:48:18.689" level="INFO">Typing text 'Admin' into text field 'id=txtUsername'.</msg>
<status status="PASS" starttime="20190807 02:48:18.688" endtime="20190807 02:48:18.746"></status>
</kw>
<kw name="Input Password" library="SeleniumLibrary">
<doc>Types the given password into text field identified by ``locator``.</doc>
<arguments>
<arg>id=txtPassword</arg>
<arg>admin123</arg>
</arguments>
<msg timestamp="20190807 02:48:18.746" level="INFO">Typing password into text field 'id=txtPassword'.</msg>
<status status="PASS" starttime="20190807 02:48:18.746" endtime="20190807 02:48:18.805"></status>
</kw>
<kw name="Click Button" library="SeleniumLibrary">
<doc>Clicks button identified by ``locator``.</doc>
<arguments>
<arg>name=Submit</arg>
</arguments>
<msg timestamp="20190807 02:48:18.805" level="INFO">Clicking button 'name=Submit'.</msg>
<status status="PASS" starttime="20190807 02:48:18.805" endtime="20190807 02:48:21.990"></status>
</kw>
<kw name="Sleep" library="BuiltIn">
<doc>Pauses the test executed for the given time.</doc>
<arguments>
<arg>2</arg>
</arguments>
<msg timestamp="20190807 02:48:23.993" level="INFO">Slept 2 seconds</msg>
<status status="PASS" starttime="20190807 02:48:21.991" endtime="20190807 02:48:23.994"></status>
</kw>
<kw name="Click Element" library="SeleniumLibrary">
<doc>Click element identified by ``locator``.</doc>
<arguments>
<arg>id=welcome</arg>
</arguments>
<msg timestamp="20190807 02:48:23.996" level="INFO">Clicking element 'id=welcome'.</msg>
<status status="PASS" starttime="20190807 02:48:23.994" endtime="20190807 02:48:24.047"></status>
</kw>
<kw name="Click Element" library="SeleniumLibrary">
<doc>Click element identified by ``locator``.</doc>
<arguments>
<arg>link=Logout</arg>
</arguments>
<msg timestamp="20190807 02:48:24.048" level="INFO">Clicking element 'link=Logout'.</msg>
<status status="PASS" starttime="20190807 02:48:24.048" endtime="20190807 02:48:24.680"></status>
</kw>
<kw name="Sleep" library="BuiltIn">
<doc>Pauses the test executed for the given time.</doc>
<arguments>
<arg>2</arg>
</arguments>
<msg timestamp="20190807 02:48:26.681" level="INFO">Slept 2 seconds</msg>
<status status="PASS" starttime="20190807 02:48:24.680" endtime="20190807 02:48:26.681"></status>
</kw>
<kw name="Log" library="BuiltIn">
<doc>Logs the given message with the given level.</doc>
<arguments>
<arg>Test Completed</arg>
</arguments>
<msg timestamp="20190807 02:48:26.682" level="INFO">Test Completed</msg>
<status status="PASS" starttime="20190807 02:48:26.681" endtime="20190807 02:48:26.682"></status>
</kw>
<kw name="Close Browser" library="SeleniumLibrary">
<doc>Closes the current browser.</doc>
<status status="PASS" starttime="20190807 02:48:26.682" endtime="20190807 02:48:29.827"></status>
</kw>
<doc>This is a simple login test</doc>
<status status="PASS" starttime="20190807 02:48:10.086" endtime="20190807 02:48:29.827" critical="yes"></status>
</test>
<status status="PASS" starttime="20190807 02:48:09.945" endtime="20190807 02:48:29.828"></status>
</suite>
<status status="PASS" starttime="20190807 02:48:09.944" endtime="20190807 02:48:29.830"></status>
</suite>
<status status="PASS" starttime="20190807 02:48:09.928" endtime="20190807 02:48:29.831"></status>
</suite>
<statistics>
<total>
<stat pass="1" fail="0">Critical Tests</stat>
<stat pass="1" fail="0">All Tests</stat>
</total>
<tag>
</tag>
<suite>
<stat pass="1" fail="0" id="s1" name="RobotProject 2 LoginTest">RobotProject 2 LoginTest</stat>
<stat pass="1" fail="0" id="s1-s1" name="Test">RobotProject 2 LoginTest.Test</stat>
<stat pass="1" fail="0" id="s1-s1-s1" name="RobotTestSuite 2">RobotProject 2 LoginTest.Test.RobotTestSuite 2</stat>
</suite>
</statistics>
<errors>
</errors>
</robot>
